amarinoApp/build/outputs/logs/manifest-merger-debug-report.txt
-- Merging decision tree log ---
manifest
ADDED from src/main/AndroidManifest.xml:13:1-59:12
	package
		ADDED from src/main/AndroidManifest.xml:14:2-30
		INJECTED from src/main/AndroidManifest.xml
		INJECTED from src/main/AndroidManifest.xml
	android:versionName
		ADDED from src/main/AndroidManifest.xml:15:2-27
	android:versionCode
		ADDED from src/main/AndroidManifest.xml:15:28-52
		INJECTED from src/main/AndroidManifest.xml
		INJECTED from src/main/AndroidManifest.xml
	xmlns:android
		ADDED from src/main/AndroidManifest.xml:13:11-69
	android:installLocation
		ADDED from src/main/AndroidManifest.xml:14:31-71
uses-sdk
ADDED from src/main/AndroidManifest.xml:17:2-69
	android:targetSdkVersion
		ADDED from src/main/AndroidManifest.xml:17:38-66
		INJECTED from src/main/AndroidManifest.xml
		INJECTED from src/main/AndroidManifest.xml
	android:minSdkVersion
		ADDED from src/main/AndroidManifest.xml:17:12-37
		INJECTED from src/main/AndroidManifest.xml
		INJECTED from src/main/AndroidManifest.xml
application
ADDED from src/main/AndroidManifest.xml:19:2-50:16
	android:label
		ADDED from src/main/AndroidManifest.xml:19:45-77
	android:debuggable
		ADDED from src/main/AndroidManifest.xml:20:3-29
	android:icon
		ADDED from src/main/AndroidManifest.xml:19:15-44
activity#at.abraxas.amarino.MainScreen
ADDED from src/main/AndroidManifest.xml:21:3-27:14
	android:screenOrientation
		ADDED from src/main/AndroidManifest.xml:22:4-40
	android:label
		ADDED from src/main/AndroidManifest.xml:22:41-73
	android:name
		ADDED from src/main/AndroidManifest.xml:21:13-39
intent-filter#android.intent.action.MAIN+android.intent.category.LAUNCHER
ADDED from src/main/AndroidManifest.xml:23:4-26:20
action#android.intent.action.MAIN
ADDED from src/main/AndroidManifest.xml:24:5-57
	android:name
		ADDED from src/main/AndroidManifest.xml:24:13-54
category#android.intent.category.LAUNCHER
ADDED from src/main/AndroidManifest.xml:25:5-65
	android:name
		ADDED from src/main/AndroidManifest.xml:25:15-62
activity#at.abraxas.amarino.DeviceDiscovery
ADDED from src/main/AndroidManifest.xml:30:3-31:43
	android:screenOrientation
		ADDED from src/main/AndroidManifest.xml:31:4-40
	android:name
		ADDED from src/main/AndroidManifest.xml:30:13-43
activity#at.abraxas.amarino.EventListActivity
ADDED from src/main/AndroidManifest.xml:33:3-34:43
	android:screenOrientation
		ADDED from src/main/AndroidManifest.xml:34:4-40
	android:name
		ADDED from src/main/AndroidManifest.xml:33:13-45
activity#at.abraxas.amarino.Monitoring
ADDED from src/main/AndroidManifest.xml:36:3-37:48
	android:windowSoftInputMode
		ADDED from src/main/AndroidManifest.xml:37:4-45
	android:name
		ADDED from src/main/AndroidManifest.xml:36:13-38
service#at.abraxas.amarino.service.AmarinoService
ADDED from src/main/AndroidManifest.xml:39:3-53
	android:name
		ADDED from src/main/AndroidManifest.xml:39:12-50
receiver#at.abraxas.amarino.RemoteControl
ADDED from src/main/AndroidManifest.xml:41:3-48:14
	android:process
		ADDED from src/main/AndroidManifest.xml:41:42-78
	android:name
		ADDED from src/main/AndroidManifest.xml:41:13-41
intent-filter#amarino.intent.action.ACTION_GET_CONNECTED_DEVICES+amarino.intent.action.CONNECT+amarino.intent.action.DISCONNECT
ADDED from src/main/AndroidManifest.xml:42:4-46:20
action#amarino.intent.action.CONNECT
ADDED from src/main/AndroidManifest.xml:43:5-60
	android:name
		ADDED from src/main/AndroidManifest.xml:43:13-57
action#amarino.intent.action.DISCONNECT
ADDED from src/main/AndroidManifest.xml:44:5-63
	android:name
		ADDED from src/main/AndroidManifest.xml:44:13-60
action#amarino.intent.action.ACTION_GET_CONNECTED_DEVICES
ADDED from src/main/AndroidManifest.xml:45:5-81
	android:name
		ADDED from src/main/AndroidManifest.xml:45:13-78
uses-permission#android.permission.BLUETOOTH
ADDED from src/main/AndroidManifest.xml:52:2-81
	android:name
		ADDED from src/main/AndroidManifest.xml:52:19-62
uses-permission#android.permission.BLUETOOTH_ADMIN
ADDED from src/main/AndroidManifest.xml:53:2-87
	android:name
		ADDED from src/main/AndroidManifest.xml:53:19-68
supports-screens
ADDED from src/main/AndroidManifest.xml:55:2-57:79
	android:largeScreens
		ADDED from src/main/AndroidManifest.xml:57:3-30
	android:smallScreens
		ADDED from src/main/AndroidManifest.xml:56:29-56
	android:normalScreens
		ADDED from src/main/AndroidManifest.xml:57:31-59
	android:resizeable
		ADDED from src/main/AndroidManifest.xml:56:3-28
	android:anyDensity
		ADDED from src/main/AndroidManifest.xml:55:20-45